<?xml version="1.0" encoding="UTF-8"?>
<!-- Generated by org.testng.reporters.JUnitReportReporter -->
<testsuite hostname="DESKTOP-BKCMKQK" failures="0" tests="3" name="magentoTestcases.myTestCases" time="19.460" errors="0" timestamp="2023-12-04T18:41:42 EET" skipped="0">
  <testcase classname="magentoTestcases.myTestCases" name="SignupTestCase" time="7.285"/>
  <system-out/>
  <testcase classname="magentoTestcases.myTestCases" name="LogoutTestCase" time="8.287"/>
  <system-out/>
  <testcase classname="magentoTestcases.myTestCases" name="LoginTestCase" time="3.888"/>
  <system-out/>
</testsuite> <!-- magentoTestcases.myTestCases -->
